{"scripts/baseTests.js":{"path":"scripts/baseTests.js","s":{"1":1,"2":1,"3":0,"4":0,"5":0,"6":1,"7":3,"8":3,"9":8,"10":1,"11":1,"12":7,"13":3,"14":4,"15":3,"16":1,"17":2},"b":{"1":[0,0],"2":[0,0],"3":[1,7],"4":[3,4],"5":[1,2]},"f":{"1":3,"2":0,"3":3,"4":8},"fnMap":{"1":{"name":"(anonymous_1)","line":1,"loc":{"start":{"line":1,"column":17},"end":{"line":1,"column":28}}},"2":{"name":"add","line":5,"loc":{"start":{"line":5,"column":27},"end":{"line":5,"column":45}}},"3":{"name":"subtract","line":13,"loc":{"start":{"line":13,"column":32},"end":{"line":13,"column":52}}},"4":{"name":"(anonymous_4)","line":19,"loc":{"start":{"line":19,"column":15},"end":{"line":19,"column":40}}}},"statementMap":{"1":{"start":{"line":1,"column":0},"end":{"line":3,"column":2}},"2":{"start":{"line":5,"column":0},"end":{"line":11,"column":2}},"3":{"start":{"line":6,"column":2},"end":{"line":8,"column":3}},"4":{"start":{"line":7,"column":4},"end":{"line":7,"column":19}},"5":{"start":{"line":10,"column":2},"end":{"line":10,"column":15}},"6":{"start":{"line":13,"column":0},"end":{"line":37,"column":2}},"7":{"start":{"line":14,"column":2},"end":{"line":17,"column":19}},"8":{"start":{"line":19,"column":2},"end":{"line":30,"column":5}},"9":{"start":{"line":20,"column":4},"end":{"line":29,"column":5}},"10":{"start":{"line":21,"column":6},"end":{"line":21,"column":19}},"11":{"start":{"line":22,"column":6},"end":{"line":22,"column":69}},"12":{"start":{"line":24,"column":6},"end":{"line":28,"column":7}},"13":{"start":{"line":25,"column":8},"end":{"line":25,"column":24}},"14":{"start":{"line":27,"column":8},"end":{"line":27,"column":24}},"15":{"start":{"line":32,"column":2},"end":{"line":36,"column":3}},"16":{"start":{"line":33,"column":4},"end":{"line":33,"column":24}},"17":{"start":{"line":35,"column":4},"end":{"line":35,"column":17}}},"branchMap":{"1":{"line":6,"type":"if","locations":[{"start":{"line":6,"column":2},"end":{"line":6,"column":2}},{"start":{"line":6,"column":2},"end":{"line":6,"column":2}}]},"2":{"line":6,"type":"binary-expr","locations":[{"start":{"line":6,"column":6},"end":{"line":6,"column":28}},{"start":{"line":6,"column":32},"end":{"line":6,"column":54}}]},"3":{"line":20,"type":"if","locations":[{"start":{"line":20,"column":4},"end":{"line":20,"column":4}},{"start":{"line":20,"column":4},"end":{"line":20,"column":4}}]},"4":{"line":24,"type":"if","locations":[{"start":{"line":24,"column":6},"end":{"line":24,"column":6}},{"start":{"line":24,"column":6},"end":{"line":24,"column":6}}]},"5":{"line":32,"type":"if","locations":[{"start":{"line":32,"column":2},"end":{"line":32,"column":2}},{"start":{"line":32,"column":2},"end":{"line":32,"column":2}}]}}}}